app/build/outputs/logs/manifest-merger-release-report.txt
-- Merging decision tree log ---
manifest
ADDED from src/main/AndroidManifest.xml:2:1-133:12
INJECTED from src/main/AndroidManifest.xml:2:1-133:12
INJECTED from src/main/AndroidManifest.xml:2:1-133:12
INJECTED from src/main/AndroidManifest.xml:2:1-133:12
MERGED from [:framworklib] AndroidManifest.xml:2:1-17:12
MERGED from [com.android.support:design:26.1.0] AndroidManifest.xml:17:1-31:12
MERGED from [cn.youngkaaa:yviewpager:0.4] AndroidManifest.xml:2:1-17:12
MERGED from [cn.finalteam.rxgalleryfinal:library:1.1.2] AndroidManifest.xml:2:1-12:12
MERGED from [com.afollestad.material-dialogs:core:0.9.6.0] AndroidManifest.xml:2:1-15:12
MERGED from [com.yalantis:ucrop:2.2.0] AndroidManifest.xml:2:1-12:12
MERGED from [me.zhanghai.android.materialprogressbar:library:1.4.2] AndroidManifest.xml:6:1-16:12
MERGED from [com.android.support:appcompat-v7:27.0.1] AndroidManifest.xml:17:1-22:12
MERGED from [com.android.support.constraint:constraint-layout:1.0.2] AndroidManifest.xml:2:1-11:12
MERGED from [com.android.support:percent:26.1.0] AndroidManifest.xml:17:1-28:12
MERGED from [com.jakewharton:butterknife:8.6.0] AndroidManifest.xml:2:1-7:12
MERGED from [:easyrecyclerview] AndroidManifest.xml:2:1-17:12
MERGED from [com.android.support:multidex:1.0.0] AndroidManifest.xml:16:1-19:12
MERGED from [com.github.hotchemi:permissionsdispatcher:3.1.0] AndroidManifest.xml:2:1-10:12
MERGED from [com.tencent:mmkv:1.0.10] AndroidManifest.xml:2:1-9:12
MERGED from [com.noober.background:core:1.3.0] AndroidManifest.xml:2:1-11:12
MERGED from [com.tencent.bugly:crashreport:2.8.6.0] AndroidManifest.xml:2:1-9:12
MERGED from [com.tencent.bugly:nativecrashreport:3.6.0.1] AndroidManifest.xml:2:1-9:12
MERGED from [com.android.support:transition:26.1.0] AndroidManifest.xml:17:1-28:12
MERGED from [com.android.support:exifinterface:25.3.1] AndroidManifest.xml:17:1-28:12
MERGED from [com.android.support:support-v4:26.1.0] AndroidManifest.xml:17:1-31:12
MERGED from [com.android.support:support-media-compat:26.1.0] AndroidManifest.xml:17:1-31:12
MERGED from [com.android.support:recyclerview-v7:27.0.1] AndroidManifest.xml:17:1-22:12
MERGED from [com.android.support:support-fragment:27.0.1] AndroidManifest.xml:17:1-22:12
MERGED from [com.android.support:support-core-utils:27.0.1] AndroidManifest.xml:17:1-22:12
MERGED from [com.android.support:animated-vector-drawable:27.0.1] AndroidManifest.xml:17:1-22:12
MERGED from [com.android.support:support-vector-drawable:27.0.1] AndroidManifest.xml:17:1-22:12
MERGED from [com.android.support:support-core-ui:27.0.1] AndroidManifest.xml:17:1-22:12
MERGED from [com.android.support:support-compat:27.0.1] AndroidManifest.xml:17:1-22:12
MERGED from [io.reactivex.rxjava2:rxandroid:2.0.1] AndroidManifest.xml:15:1-21:12
MERGED from [android.arch.lifecycle:runtime:1.0.0] AndroidManifest.xml:17:1-30:12
INJECTED from src/main/AndroidManifest.xml:2:1-133:12
INJECTED from src/main/AndroidManifest.xml:2:1-133:12
INJECTED from src/main/AndroidManifest.xml:2:1-133:12
	package
		ADDED from src/main/AndroidManifest.xml:3:5-35
		INJECTED from src/main/AndroidManifest.xml
		INJECTED from src/main/AndroidManifest.xml
	android:versionName
		INJECTED from src/main/AndroidManifest.xml
		ADDED from src/main/AndroidManifest.xml:2:1-133:12
		INJECTED from src/main/AndroidManifest.xml
	android:versionCode
		INJECTED from src/main/AndroidManifest.xml
		ADDED from src/main/AndroidManifest.xml:2:1-133:12
		INJECTED from src/main/AndroidManifest.xml
	xmlns:android
		ADDED from src/main/AndroidManifest.xml:2:11-69
uses-permission#android.permission.RECORD_AUDIO
ADDED from src/main/AndroidManifest.xml:5:5-71
	android:name
		ADDED from src/main/AndroidManifest.xml:5:22-68
uses-permission#android.permission.ACCESS_WIFI_STATE
ADDED from src/main/AndroidManifest.xml:6:5-76
	android:name
		ADDED from src/main/AndroidManifest.xml:6:22-73
uses-permission#android.permission.CHANGE_WIFI_STATE
ADDED from src/main/AndroidManifest.xml:7:5-76
	android:name
		ADDED from src/main/AndroidManifest.xml:7:22-73
uses-permission#android.permission.ACCESS_FINE_LOCATION
ADDED from src/main/AndroidManifest.xml:8:5-79
	android:name
		ADDED from src/main/AndroidManifest.xml:8:22-76
uses-permission#android.permission.READ_EXTERNAL_STORAGE
ADDED from src/main/AndroidManifest.xml:9:5-80
	android:name
		ADDED from src/main/AndroidManifest.xml:9:22-77
uses-permission#android.permission.READ_PHONE_STATE
ADDED from src/main/AndroidManifest.xml:10:5-75
	android:name
		ADDED from src/main/AndroidManifest.xml:10:22-72
uses-permission#android.permission.CAMERA
ADDED from src/main/AndroidManifest.xml:11:5-65
	android:name
		ADDED from src/main/AndroidManifest.xml:11:22-62
uses-permission#android.permission.INTERNET
ADDED from src/main/AndroidManifest.xml:12:5-67
	android:name
		ADDED from src/main/AndroidManifest.xml:12:22-64
uses-permission#android.permission.WRITE_EXTERNAL_STORAGE
ADDED from src/main/AndroidManifest.xml:14:5-81
	android:name
		ADDED from src/main/AndroidManifest.xml:14:22-78
uses-permission#android.permission.MOUNT_UNMOUNT_FILESYSTEMS
ADDED from src/main/AndroidManifest.xml:16:5-84
	android:name
		ADDED from src/main/AndroidManifest.xml:16:22-81
application
ADDED from src/main/AndroidManifest.xml:17:5-132:19
MERGED from [:framworklib] AndroidManifest.xml:11:5-15:19
MERGED from [:framworklib] AndroidManifest.xml:11:5-15:19
MERGED from [com.android.support:design:26.1.0] AndroidManifest.xml:25:5-29:19
MERGED from [com.android.support:design:26.1.0] AndroidManifest.xml:25:5-29:19
MERGED from [cn.youngkaaa:yviewpager:0.4] AndroidManifest.xml:11:5-15:19
MERGED from [cn.youngkaaa:yviewpager:0.4] AndroidManifest.xml:11:5-15:19
MERGED from [com.afollestad.material-dialogs:core:0.9.6.0] AndroidManifest.xml:13:5-20
MERGED from [com.afollestad.material-dialogs:core:0.9.6.0] AndroidManifest.xml:13:5-20
MERGED from [com.android.support.constraint:constraint-layout:1.0.2] AndroidManifest.xml:9:5-20
MERGED from [com.android.support.constraint:constraint-layout:1.0.2] AndroidManifest.xml:9:5-20
MERGED from [com.android.support:percent:26.1.0] AndroidManifest.xml:22:5-26:19
MERGED from [com.android.support:percent:26.1.0] AndroidManifest.xml:22:5-26:19
MERGED from [:easyrecyclerview] AndroidManifest.xml:11:5-15:19
MERGED from [:easyrecyclerview] AndroidManifest.xml:11:5-15:19
MERGED from [com.android.support:transition:26.1.0] AndroidManifest.xml:22:5-26:19
MERGED from [com.android.support:transition:26.1.0] AndroidManifest.xml:22:5-26:19
MERGED from [com.android.support:exifinterface:25.3.1] AndroidManifest.xml:26:5-20
MERGED from [com.android.support:exifinterface:25.3.1] AndroidManifest.xml:26:5-20
MERGED from [com.android.support:support-v4:26.1.0] AndroidManifest.xml:25:5-29:19
MERGED from [com.android.support:support-v4:26.1.0] AndroidManifest.xml:25:5-29:19
MERGED from [com.android.support:support-media-compat:26.1.0] AndroidManifest.xml:25:5-29:19
MERGED from [com.android.support:support-media-compat:26.1.0] AndroidManifest.xml:25:5-29:19
MERGED from [android.arch.lifecycle:runtime:1.0.0] AndroidManifest.xml:24:5-28:19
MERGED from [android.arch.lifecycle:runtime:1.0.0] AndroidManifest.xml:24:5-28:19
	android:supportsRtl
		ADDED from src/main/AndroidManifest.xml:22:9-35
	android:label
		ADDED from src/main/AndroidManifest.xml:21:9-41
	android:icon
		ADDED from src/main/AndroidManifest.xml:20:9-41
	android:allowBackup
		ADDED from src/main/AndroidManifest.xml:19:9-35
	android:theme
		ADDED from src/main/AndroidManifest.xml:23:9-65
	android:name
		ADDED from src/main/AndroidManifest.xml:18:9-49
activity#com.languang.bluebox.activity.SplashActivity
ADDED from src/main/AndroidManifest.xml:24:9-31:20
	android:theme
		ADDED from src/main/AndroidManifest.xml:26:13-47
	android:name
		ADDED from src/main/AndroidManifest.xml:25:13-52
intent-filter#action:name:android.intent.action.MAIN+category:name:android.intent.category.LAUNCHER
ADDED from src/main/AndroidManifest.xml:27:13-30:29
action#android.intent.action.MAIN
ADDED from src/main/AndroidManifest.xml:28:17-69
	android:name
		ADDED from src/main/AndroidManifest.xml:28:25-66
category#android.intent.category.LAUNCHER
ADDED from src/main/AndroidManifest.xml:29:17-77
	android:name
		ADDED from src/main/AndroidManifest.xml:29:27-74
activity#com.languang.bluebox.activity.login.LoginActivity
ADDED from src/main/AndroidManifest.xml:33:9-36:57
	android:screenOrientation
		ADDED from src/main/AndroidManifest.xml:35:13-49
	android:windowSoftInputMode
		ADDED from src/main/AndroidManifest.xml:36:13-54
	android:name
		ADDED from src/main/AndroidManifest.xml:34:13-57
activity#com.languang.bluebox.activity.login.RegisterActivity
ADDED from src/main/AndroidManifest.xml:38:9-41:57
	android:screenOrientation
		ADDED from src/main/AndroidManifest.xml:40:13-49
	android:windowSoftInputMode
		ADDED from src/main/AndroidManifest.xml:41:13-54
	android:name
		ADDED from src/main/AndroidManifest.xml:39:13-60
activity#com.languang.bluebox.activity.login.FacilityListActivity
ADDED from src/main/AndroidManifest.xml:43:9-45:52
	android:screenOrientation
		ADDED from src/main/AndroidManifest.xml:45:13-49
	android:name
		ADDED from src/main/AndroidManifest.xml:44:13-64
activity#com.languang.bluebox.activity.login.NoWifiActivity
ADDED from src/main/AndroidManifest.xml:47:9-49:52
	android:screenOrientation
		ADDED from src/main/AndroidManifest.xml:49:13-49
	android:name
		ADDED from src/main/AndroidManifest.xml:48:13-58
activity#com.languang.bluebox.activity.initialize.SettingWanActivity
ADDED from src/main/AndroidManifest.xml:51:9-54:57
	android:screenOrientation
		ADDED from src/main/AndroidManifest.xml:53:13-49
	android:windowSoftInputMode
		ADDED from src/main/AndroidManifest.xml:54:13-54
	android:name
		ADDED from src/main/AndroidManifest.xml:52:13-67
activity#com.languang.bluebox.AddPic1Activity
ADDED from src/main/AndroidManifest.xml:55:9-53
	android:name
		ADDED from src/main/AndroidManifest.xml:55:19-50
activity#com.languang.bluebox.activity.initialize.SettingPwdActivity
ADDED from src/main/AndroidManifest.xml:57:9-60:57
	android:screenOrientation
		ADDED from src/main/AndroidManifest.xml:59:13-49
	android:windowSoftInputMode
		ADDED from src/main/AndroidManifest.xml:60:13-54
	android:name
		ADDED from src/main/AndroidManifest.xml:58:13-67
activity#com.languang.bluebox.AddPicActivity
ADDED from src/main/AndroidManifest.xml:63:9-52
	android:name
		ADDED from src/main/AndroidManifest.xml:63:19-49
activity#com.languang.bluebox.MainActivity
ADDED from src/main/AndroidManifest.xml:64:9-68:57
	android:screenOrientation
		ADDED from src/main/AndroidManifest.xml:67:13-49
	android:launchMode
		ADDED from src/main/AndroidManifest.xml:66:13-44
	android:windowSoftInputMode
		ADDED from src/main/AndroidManifest.xml:68:13-54
	android:name
		ADDED from src/main/AndroidManifest.xml:65:13-41
activity#com.languang.bluebox.activity.picturestorege.UsbActivity
ADDED from src/main/AndroidManifest.xml:70:9-72:52
	android:screenOrientation
		ADDED from src/main/AndroidManifest.xml:72:13-49
	android:name
		ADDED from src/main/AndroidManifest.xml:71:13-64
activity#com.languang.bluebox.activity.picturestorege.BrowseSdActivity
ADDED from src/main/AndroidManifest.xml:74:9-76:52
	android:screenOrientation
		ADDED from src/main/AndroidManifest.xml:76:13-49
	android:name
		ADDED from src/main/AndroidManifest.xml:75:13-69
activity#com.languang.bluebox.activity.picturestorege.PhotoAlbumActivity
ADDED from src/main/AndroidManifest.xml:78:9-80:52
	android:screenOrientation
		ADDED from src/main/AndroidManifest.xml:80:13-49
	android:name
		ADDED from src/main/AndroidManifest.xml:79:13-71
activity#com.languang.bluebox.activity.picturestorege.ShareActivity
ADDED from src/main/AndroidManifest.xml:82:9-84:52
	android:screenOrientation
		ADDED from src/main/AndroidManifest.xml:84:13-49
	android:name
		ADDED from src/main/AndroidManifest.xml:83:13-66
activity#com.languang.bluebox.activity.picturestorege.CompilePictureActivity
ADDED from src/main/AndroidManifest.xml:86:9-88:52
	android:screenOrientation
		ADDED from src/main/AndroidManifest.xml:88:13-49
	android:name
		ADDED from src/main/AndroidManifest.xml:87:13-75
activity#com.languang.bluebox.activity.property.ExportFacilityActivity
ADDED from src/main/AndroidManifest.xml:91:9-93:52
	android:screenOrientation
		ADDED from src/main/AndroidManifest.xml:93:13-49
	android:name
		ADDED from src/main/AndroidManifest.xml:92:13-69
activity#com.languang.bluebox.activity.facility.MyWifiActivity
ADDED from src/main/AndroidManifest.xml:96:9-99:57
	android:screenOrientation
		ADDED from src/main/AndroidManifest.xml:98:13-49
	android:windowSoftInputMode
		ADDED from src/main/AndroidManifest.xml:99:13-54
	android:name
		ADDED from src/main/AndroidManifest.xml:97:13-61
activity#com.languang.bluebox.activity.FacilityInfoActivity
ADDED from src/main/AndroidManifest.xml:101:9-103:52
	android:screenOrientation
		ADDED from src/main/AndroidManifest.xml:103:13-49
	android:name
		ADDED from src/main/AndroidManifest.xml:102:13-58
activity#com.languang.bluebox.ErrorActivity
ADDED from src/main/AndroidManifest.xml:104:9-60
	android:name
		ADDED from src/main/AndroidManifest.xml:104:19-48
activity#com.languang.bluebox.activity.facility.DiskManageActivity
ADDED from src/main/AndroidManifest.xml:106:9-108:52
	android:screenOrientation
		ADDED from src/main/AndroidManifest.xml:108:13-49
	android:name
		ADDED from src/main/AndroidManifest.xml:107:13-65
activity#com.languang.bluebox.activity.facility.AdminPwdActivity
ADDED from src/main/AndroidManifest.xml:110:9-113:57
	android:screenOrientation
		ADDED from src/main/AndroidManifest.xml:112:13-49
	android:windowSoftInputMode
		ADDED from src/main/AndroidManifest.xml:113:13-54
	android:name
		ADDED from src/main/AndroidManifest.xml:111:13-63
activity#com.languang.bluebox.activity.facility.VisitorPwdActivity
ADDED from src/main/AndroidManifest.xml:115:9-118:57
	android:screenOrientation
		ADDED from src/main/AndroidManifest.xml:117:13-49
	android:windowSoftInputMode
		ADDED from src/main/AndroidManifest.xml:118:13-54
	android:name
		ADDED from src/main/AndroidManifest.xml:116:13-65
activity#com.languang.bluebox.activity.facility.MobileActivity
ADDED from src/main/AndroidManifest.xml:119:9-70
	android:name
		ADDED from src/main/AndroidManifest.xml:119:19-67
activity#cn.finalteam.rxgalleryfinal.ui.activity.MediaActivity
ADDED from src/main/AndroidManifest.xml:120:9-123:52
	android:screenOrientation
		ADDED from src/main/AndroidManifest.xml:123:13-49
	android:exported
		ADDED from src/main/AndroidManifest.xml:122:13-36
	android:name
		ADDED from src/main/AndroidManifest.xml:121:13-81
activity#com.yalantis.ucrop.UCropActivity
ADDED from src/main/AndroidManifest.xml:124:9-126:52
	android:screenOrientation
		ADDED from src/main/AndroidManifest.xml:126:13-49
	android:name
		ADDED from src/main/AndroidManifest.xml:125:13-60
activity#com.languang.bluebox.WaiSeActivity
ADDED from src/main/AndroidManifest.xml:127:9-51
	android:name
		ADDED from src/main/AndroidManifest.xml:127:19-48
activity#com.languang.bluebox.BiaoZhuActivity
ADDED from src/main/AndroidManifest.xml:128:9-53
	android:name
		ADDED from src/main/AndroidManifest.xml:128:19-50
activity#com.languang.bluebox.adapter.picturestorege.ShareActivity1
ADDED from src/main/AndroidManifest.xml:129:9-75
	android:name
		ADDED from src/main/AndroidManifest.xml:129:19-72
activity#com.languang.bluebox.DaoChuActivity
ADDED from src/main/AndroidManifest.xml:130:9-61
	android:name
		ADDED from src/main/AndroidManifest.xml:130:19-49
activity#com.languang.bluebox.activity.login.BoxLoginActivity
ADDED from src/main/AndroidManifest.xml:131:9-78
	android:name
		ADDED from src/main/AndroidManifest.xml:131:19-66
uses-sdk
INJECTED from src/main/AndroidManifest.xml reason: use-sdk injection requested
INJECTED from src/main/AndroidManifest.xml
INJECTED from src/main/AndroidManifest.xml
MERGED from [:framworklib] AndroidManifest.xml:7:5-9:41
MERGED from [:framworklib] AndroidManifest.xml:7:5-9:41
MERGED from [com.android.support:design:26.1.0] AndroidManifest.xml:21:5-23:62
MERGED from [com.android.support:design:26.1.0] AndroidManifest.xml:21:5-23:62
MERGED from [cn.youngkaaa:yviewpager:0.4] AndroidManifest.xml:7:5-9:41
MERGED from [cn.youngkaaa:yviewpager:0.4] AndroidManifest.xml:7:5-9:41
MERGED from [cn.finalteam.rxgalleryfinal:library:1.1.2] AndroidManifest.xml:8:5-10:41
MERGED from [cn.finalteam.rxgalleryfinal:library:1.1.2] AndroidManifest.xml:8:5-10:41
MERGED from [com.afollestad.material-dialogs:core:0.9.6.0] AndroidManifest.xml:8:5-11:75
MERGED from [com.afollestad.material-dialogs:core:0.9.6.0] AndroidManifest.xml:8:5-11:75
MERGED from [com.yalantis:ucrop:2.2.0] AndroidManifest.xml:8:5-10:41
MERGED from [com.yalantis:ucrop:2.2.0] AndroidManifest.xml:8:5-10:41
MERGED from [me.zhanghai.android.materialprogressbar:library:1.4.2] AndroidManifest.xml:12:5-14:41
MERGED from [me.zhanghai.android.materialprogressbar:library:1.4.2] AndroidManifest.xml:12:5-14:41
MERGED from [com.android.support:appcompat-v7:27.0.1] AndroidManifest.xml:20:5-44
MERGED from [com.android.support:appcompat-v7:27.0.1] AndroidManifest.xml:20:5-44
MERGED from [com.android.support.constraint:constraint-layout:1.0.2] AndroidManifest.xml:5:5-7:41
MERGED from [com.android.support.constraint:constraint-layout:1.0.2] AndroidManifest.xml:5:5-7:41
MERGED from [com.android.support:percent:26.1.0] AndroidManifest.xml:20:5-44
MERGED from [com.android.support:percent:26.1.0] AndroidManifest.xml:20:5-44
MERGED from [com.jakewharton:butterknife:8.6.0] AndroidManifest.xml:5:5-43
MERGED from [com.jakewharton:butterknife:8.6.0] AndroidManifest.xml:5:5-43
MERGED from [:easyrecyclerview] AndroidManifest.xml:7:5-9:41
MERGED from [:easyrecyclerview] AndroidManifest.xml:7:5-9:41
MERGED from [com.android.support:multidex:1.0.0] AndroidManifest.xml:18:5-42
MERGED from [com.android.support:multidex:1.0.0] AndroidManifest.xml:18:5-42
MERGED from [com.github.hotchemi:permissionsdispatcher:3.1.0] AndroidManifest.xml:6:5-8:41
MERGED from [com.github.hotchemi:permissionsdispatcher:3.1.0] AndroidManifest.xml:6:5-8:41
MERGED from [com.tencent:mmkv:1.0.10] AndroidManifest.xml:5:5-7:41
MERGED from [com.tencent:mmkv:1.0.10] AndroidManifest.xml:5:5-7:41
MERGED from [com.noober.background:core:1.3.0] AndroidManifest.xml:7:5-9:41
MERGED from [com.noober.background:core:1.3.0] AndroidManifest.xml:7:5-9:41
MERGED from [com.tencent.bugly:crashreport:2.8.6.0] AndroidManifest.xml:5:5-7:41
MERGED from [com.tencent.bugly:crashreport:2.8.6.0] AndroidManifest.xml:5:5-7:41
MERGED from [com.tencent.bugly:nativecrashreport:3.6.0.1] AndroidManifest.xml:5:5-7:41
MERGED from [com.tencent.bugly:nativecrashreport:3.6.0.1] AndroidManifest.xml:5:5-7:41
MERGED from [com.android.support:transition:26.1.0] AndroidManifest.xml:20:5-44
MERGED from [com.android.support:transition:26.1.0] AndroidManifest.xml:20:5-44
MERGED from [com.android.support:exifinterface:25.3.1] AndroidManifest.xml:20:5-43
MERGED from [com.android.support:exifinterface:25.3.1] AndroidManifest.xml:20:5-43
MERGED from [com.android.support:support-v4:26.1.0] AndroidManifest.xml:21:5-23:54
MERGED from [com.android.support:support-v4:26.1.0] AndroidManifest.xml:21:5-23:54
MERGED from [com.android.support:support-media-compat:26.1.0] AndroidManifest.xml:21:5-23:63
MERGED from [com.android.support:support-media-compat:26.1.0] AndroidManifest.xml:21:5-23:63
MERGED from [com.android.support:recyclerview-v7:27.0.1] AndroidManifest.xml:20:5-44
MERGED from [com.android.support:recyclerview-v7:27.0.1] AndroidManifest.xml:20:5-44
MERGED from [com.android.support:support-fragment:27.0.1] AndroidManifest.xml:20:5-44
MERGED from [com.android.support:support-fragment:27.0.1] AndroidManifest.xml:20:5-44
MERGED from [com.android.support:support-core-utils:27.0.1] AndroidManifest.xml:20:5-44
MERGED from [com.android.support:support-core-utils:27.0.1] AndroidManifest.xml:20:5-44
MERGED from [com.android.support:animated-vector-drawable:27.0.1] AndroidManifest.xml:20:5-44
MERGED from [com.android.support:animated-vector-drawable:27.0.1] AndroidManifest.xml:20:5-44
MERGED from [com.android.support:support-vector-drawable:27.0.1] AndroidManifest.xml:20:5-44
MERGED from [com.android.support:support-vector-drawable:27.0.1] AndroidManifest.xml:20:5-44
MERGED from [com.android.support:support-core-ui:27.0.1] AndroidManifest.xml:20:5-44
MERGED from [com.android.support:support-core-ui:27.0.1] AndroidManifest.xml:20:5-44
MERGED from [com.android.support:support-compat:27.0.1] AndroidManifest.xml:20:5-44
MERGED from [com.android.support:support-compat:27.0.1] AndroidManifest.xml:20:5-44
MERGED from [io.reactivex.rxjava2:rxandroid:2.0.1] AndroidManifest.xml:19:5-43
MERGED from [io.reactivex.rxjava2:rxandroid:2.0.1] AndroidManifest.xml:19:5-43
MERGED from [android.arch.lifecycle:runtime:1.0.0] AndroidManifest.xml:20:5-22:41
MERGED from [android.arch.lifecycle:runtime:1.0.0] AndroidManifest.xml:20:5-22:41
INJECTED from src/main/AndroidManifest.xml
INJECTED from src/main/AndroidManifest.xml
	tools:overrideLibrary
		ADDED from [com.android.support:design:26.1.0] AndroidManifest.xml:23:9-59
	android:targetSdkVersion
		INJECTED from src/main/AndroidManifest.xml
		ADDED from src/main/AndroidManifest.xml
		INJECTED from src/main/AndroidManifest.xml
	android:minSdkVersion
		INJECTED from src/main/AndroidManifest.xml
		ADDED from src/main/AndroidManifest.xml
		INJECTED from src/main/AndroidManifest.xml
meta-data#android.support.VERSION
ADDED from [com.android.support:design:26.1.0] AndroidManifest.xml:26:9-28:38
MERGED from [com.android.support:percent:26.1.0] AndroidManifest.xml:23:9-25:38
MERGED from [com.android.support:percent:26.1.0] AndroidManifest.xml:23:9-25:38
MERGED from [com.android.support:transition:26.1.0] AndroidManifest.xml:23:9-25:38
MERGED from [com.android.support:transition:26.1.0] AndroidManifest.xml:23:9-25:38
MERGED from [com.android.support:support-v4:26.1.0] AndroidManifest.xml:26:9-28:38
MERGED from [com.android.support:support-v4:26.1.0] AndroidManifest.xml:26:9-28:38
MERGED from [com.android.support:support-media-compat:26.1.0] AndroidManifest.xml:26:9-28:38
MERGED from [com.android.support:support-media-compat:26.1.0] AndroidManifest.xml:26:9-28:38
	android:value
		ADDED from [com.android.support:design:26.1.0] AndroidManifest.xml:28:13-35
	android:name
		ADDED from [com.android.support:design:26.1.0] AndroidManifest.xml:27:13-51
meta-data#android.arch.lifecycle.VERSION
ADDED from [android.arch.lifecycle:runtime:1.0.0] AndroidManifest.xml:25:9-27:47
	android:value
		ADDED from [android.arch.lifecycle:runtime:1.0.0] AndroidManifest.xml:27:13-44
	android:name
		ADDED from [android.arch.lifecycle:runtime:1.0.0] AndroidManifest.xml:26:13-58